<?xml version="1.0" encoding="UTF-8"?>
<testsuite name="BagMainTest" tests="3" skipped="0" failures="0" errors="0" timestamp="2022-10-09T21:33:00" hostname="DESKTOP-CC70J3B" time="0.048">
  <properties/>
  <testcase name="TestEnhanceBagsTrue" classname="BagMainTest" time="0.039"/>
  <testcase name="TestCountCrossbodyStraps" classname="BagMainTest" time="0.001"/>
  <testcase name="TestEnhanceBagsFalse" classname="BagMainTest" time="0.002"/>
  <system-out><![CDATA[]]></system-out>
  <system-err><![CDATA[]]></system-err>
</testsuite>
